<?xml version="1.0" encoding="UTF-8"?>
<testng-results skipped="0" failed="0" ignored="0" total="2" passed="2">
  <reporter-output>
  </reporter-output>
  <suite name="Default suite" duration-ms="132233" started-at="2019-10-11T06:52:50Z" finished-at="2019-10-11T06:55:02Z">
    <groups>
    </groups>
    <test name="Default test" duration-ms="132233" started-at="2019-10-11T06:52:50Z" finished-at="2019-10-11T06:55:02Z">
      <class name="eliteportal.Quotation_Response">
        <test-method status="PASS" signature="beforeTest()[pri:0, instance:eliteportal.Quotation_Response@5b275dab]" name="beforeTest" is-config="true" duration-ms="9817" started-at="2019-10-11T06:52:50Z" finished-at="2019-10-11T06:53:00Z">
          <reporter-output>
          </reporter-output>
        </test-method> <!-- beforeTest -->
        <test-method status="PASS" signature="loginpage()[pri:0, instance:eliteportal.Quotation_Response@5b275dab]" name="loginpage" duration-ms="57001" started-at="2019-10-11T06:53:00Z" finished-at="2019-10-11T06:53:57Z">
          <reporter-output>
          </reporter-output>
        </test-method> <!-- loginpage -->
        <test-method status="PASS" signature="search_res_date()[pri:1, instance:eliteportal.Quotation_Response@5b275dab]" name="search_res_date" duration-ms="65367" started-at="2019-10-11T06:53:57Z" finished-at="2019-10-11T06:55:02Z">
          <reporter-output>
          </reporter-output>
        </test-method> <!-- search_res_date -->
      </class> <!-- eliteportal.Quotation_Response -->
    </test> <!-- Default test -->
  </suite> <!-- Default suite -->
</testng-results>
